[0m00:18:24.092022 [debug] [MainThread]: Sending event: {'category': 'dbt', 'action': 'invocation', 'label': 'start', 'context': [<snowplow_tracker.self_describing_json.SelfDescribingJson object at 0x7f5835594f70>, <snowplow_tracker.self_describing_json.SelfDescribingJson object at 0x7f5835b931f0>, <snowplow_tracker.self_describing_json.SelfDescribingJson object at 0x7f5835b93190>]}


============================== 00:18:24.104783 | 1798e5ff-1039-4393-9b03-9a6660da3744 ==============================
[0m00:18:24.104783 [info ] [MainThread]: Running with dbt=1.7.13
[0m00:18:24.105772 [debug] [MainThread]: running dbt with arguments {'printer_width': '80', 'indirect_selection': 'eager', 'log_cache_events': 'False', 'write_json': 'True', 'partial_parse': 'True', 'cache_selected_only': 'False', 'warn_error': 'None', 'debug': 'False', 'profiles_dir': '/home/codespace/.dbt', 'log_path': 'logs', 'version_check': 'True', 'fail_fast': 'False', 'use_colors': 'True', 'use_experimental_parser': 'False', 'no_print': 'None', 'quiet': 'False', 'warn_error_options': 'WarnErrorOptions(include=[], exclude=[])', 'introspect': 'True', 'static_parser': 'True', 'log_format': 'default', 'target_path': 'None', 'invocation_command': 'dbt init', 'send_anonymous_usage_stats': 'True'}
[0m00:18:24.106546 [warn ] [MainThread]: [ConfigFolderDirectory]: Unable to parse dict {'dir': PosixPath('/home/codespace/.dbt')}
[0m00:18:24.107285 [info ] [MainThread]: Creating dbt configuration folder at 
[0m00:18:46.479910 [info ] [MainThread]: A project called ds525 already exists here.
[0m00:18:46.489708 [debug] [MainThread]: Resource report: {"command_name": "init", "command_success": true, "command_wall_clock_time": 22.402496, "process_user_time": 2.453749, "process_kernel_time": 0.146294, "process_mem_max_rss": "86692", "process_in_blocks": "3552", "process_out_blocks": "8"}
[0m00:18:46.490974 [debug] [MainThread]: Command `dbt init` succeeded at 00:18:46.490735 after 22.40 seconds
[0m00:18:46.491754 [debug] [MainThread]: Sending event: {'category': 'dbt', 'action': 'invocation', 'label': 'end', 'context': [<snowplow_tracker.self_describing_json.SelfDescribingJson object at 0x7f5835594f70>, <snowplow_tracker.self_describing_json.SelfDescribingJson object at 0x7f58376a10c0>, <snowplow_tracker.self_describing_json.SelfDescribingJson object at 0x7f5835b935b0>]}
[0m00:18:46.492529 [debug] [MainThread]: Flushing usage events
[0m23:38:43.648249 [debug] [MainThread]: Sending event: {'category': 'dbt', 'action': 'invocation', 'label': 'start', 'context': [<snowplow_tracker.self_describing_json.SelfDescribingJson object at 0x7f7a82f99510>, <snowplow_tracker.self_describing_json.SelfDescribingJson object at 0x7f7a81396bc0>, <snowplow_tracker.self_describing_json.SelfDescribingJson object at 0x7f7a81396b60>]}


============================== 23:38:43.658516 | f75b932c-f9fd-469f-9f9b-f3bd0cc961e3 ==============================
[0m23:38:43.658516 [info ] [MainThread]: Running with dbt=1.7.13
[0m23:38:43.660022 [debug] [MainThread]: running dbt with arguments {'printer_width': '80', 'indirect_selection': 'eager', 'write_json': 'True', 'log_cache_events': 'False', 'partial_parse': 'True', 'cache_selected_only': 'False', 'profiles_dir': '/home/codespace/.dbt', 'fail_fast': 'False', 'version_check': 'True', 'log_path': 'logs', 'debug': 'False', 'warn_error': 'None', 'use_colors': 'True', 'use_experimental_parser': 'False', 'no_print': 'None', 'quiet': 'False', 'log_format': 'default', 'static_parser': 'True', 'introspect': 'True', 'invocation_command': 'dbt init', 'target_path': 'None', 'warn_error_options': 'WarnErrorOptions(include=[], exclude=[])', 'send_anonymous_usage_stats': 'True'}
[0m23:38:54.684444 [info ] [MainThread]: A project called ds525 already exists here.
[0m23:38:54.693575 [debug] [MainThread]: Resource report: {"command_name": "init", "command_success": true, "command_wall_clock_time": 11.051952, "process_user_time": 2.632647, "process_kernel_time": 0.174979, "process_mem_max_rss": "86256", "process_in_blocks": "21752", "process_out_blocks": "16"}
[0m23:38:54.694621 [debug] [MainThread]: Command `dbt init` succeeded at 23:38:54.694392 after 11.05 seconds
[0m23:38:54.695386 [debug] [MainThread]: Sending event: {'category': 'dbt', 'action': 'invocation', 'label': 'end', 'context': [<snowplow_tracker.self_describing_json.SelfDescribingJson object at 0x7f7a82f99510>, <snowplow_tracker.self_describing_json.SelfDescribingJson object at 0x7f7a851a9780>, <snowplow_tracker.self_describing_json.SelfDescribingJson object at 0x7f7a81396bc0>]}
[0m23:38:54.696146 [debug] [MainThread]: Flushing usage events
[0m23:41:21.949079 [debug] [MainThread]: Sending event: {'category': 'dbt', 'action': 'invocation', 'label': 'start', 'context': [<snowplow_tracker.self_describing_json.SelfDescribingJson object at 0x7f2d8c3f6530>, <snowplow_tracker.self_describing_json.SelfDescribingJson object at 0x7f2d8a7e6c50>, <snowplow_tracker.self_describing_json.SelfDescribingJson object at 0x7f2d8a7e6bf0>]}


============================== 23:41:21.952387 | bc468559-9862-40b3-b110-407b0a7b7594 ==============================
[0m23:41:21.952387 [info ] [MainThread]: Running with dbt=1.7.13
[0m23:41:21.953358 [debug] [MainThread]: running dbt with arguments {'printer_width': '80', 'indirect_selection': 'eager', 'log_cache_events': 'False', 'write_json': 'True', 'partial_parse': 'True', 'cache_selected_only': 'False', 'warn_error': 'None', 'fail_fast': 'False', 'profiles_dir': '/home/codespace/.dbt', 'log_path': 'logs', 'version_check': 'True', 'debug': 'False', 'use_colors': 'True', 'use_experimental_parser': 'False', 'no_print': 'None', 'quiet': 'False', 'warn_error_options': 'WarnErrorOptions(include=[], exclude=[])', 'invocation_command': 'dbt init', 'log_format': 'default', 'static_parser': 'True', 'target_path': 'None', 'introspect': 'True', 'send_anonymous_usage_stats': 'True'}
[0m23:41:26.476790 [debug] [MainThread]: Starter project path: /usr/local/python/3.10.13/lib/python3.10/site-packages/dbt/include/starter_project
[0m23:41:26.481641 [info ] [MainThread]: 
Your new dbt project "ds525" was created!

For more information on how to configure the profiles.yml file,
please consult the dbt documentation here:

  https://docs.getdbt.com/docs/configure-your-profile

One more thing:

Need help? Don't hesitate to reach out to us via GitHub issues or on Slack:

  https://community.getdbt.com/

Happy modeling!

[0m23:41:26.483920 [info ] [MainThread]: Setting up your profile.
[0m23:45:32.048678 [info ] [MainThread]: Profile ds525 written to /home/codespace/.dbt/profiles.yml using target's profile_template.yml and your supplied values. Run 'dbt debug' to validate the connection.
[0m23:45:32.050982 [debug] [MainThread]: Resource report: {"command_name": "init", "command_success": true, "command_wall_clock_time": 250.106, "process_user_time": 2.499068, "process_kernel_time": 0.130441, "process_mem_max_rss": "90712", "process_out_blocks": "80", "process_in_blocks": "0"}
[0m23:45:32.052162 [debug] [MainThread]: Command `dbt init` succeeded at 23:45:32.051924 after 250.11 seconds
[0m23:45:32.053147 [debug] [MainThread]: Sending event: {'category': 'dbt', 'action': 'invocation', 'label': 'end', 'context': [<snowplow_tracker.self_describing_json.SelfDescribingJson object at 0x7f2d8c3f6530>, <snowplow_tracker.self_describing_json.SelfDescribingJson object at 0x7f2d8e61d780>, <snowplow_tracker.self_describing_json.SelfDescribingJson object at 0x7f2d8a7e6ce0>]}
[0m23:45:32.054199 [debug] [MainThread]: Flushing usage events
